<?xml version="1.0" encoding="UTF-8"?>
<!-- Generated by org.testng.reporters.JUnitReportReporter -->
<testsuite hostname="Ningappas-MacBook-Pro.local" failures="0" tests="6" name="test.SampleTest" time="23.164" errors="0" timestamp="2022-06-23T02:30:38 IST" skipped="4">
  <testcase classname="test.SampleTest" name="test01login" time="20.176"/>
  <system-out/>
  <testcase classname="test.SampleTest" name="moveCard" time="2.988"/>
  <system-out/>
  <testcase classname="test.SampleTest" name="archiveList">
    <skipped/>
  </testcase> <!-- archiveList -->
  <system-out/>
  <testcase classname="test.SampleTest" name="createList">
    <skipped/>
  </testcase> <!-- createList -->
  <system-out/>
  <testcase classname="test.SampleTest" name="createBoard">
    <skipped/>
  </testcase> <!-- createBoard -->
  <system-out/>
  <testcase classname="test.SampleTest" name="addCard">
    <skipped/>
  </testcase> <!-- addCard -->
  <system-out/>
</testsuite> <!-- test.SampleTest -->
