<?xml version="1.0" encoding="UTF-8"?>
<!-- Generated by org.testng.reporters.JUnitReportReporter -->
<testsuite skipped="1" hostname="Ningappas-MacBook-Pro.local" name="com.trello.qa.testcases.BoardsPageTest" tests="2" failures="0" timestamp="2022-06-23T15:17:02 IST" time="24.615" errors="0">
  <testcase name="openBoardTest" time="24.615" classname="com.trello.qa.testcases.BoardsPageTest"/>
  <system-out/>
  <testcase name="createBoardTest" classname="com.trello.qa.testcases.BoardsPageTest">
    <skipped/>
  </testcase> <!-- createBoardTest -->
  <system-out/>
</testsuite> <!-- com.trello.qa.testcases.BoardsPageTest -->
