<?xml version="1.0" encoding="UTF-8"?>
<!-- Generated by org.testng.reporters.JUnitReportReporter -->
<testsuite skipped="0" hostname="Ningappas-MBP.bbrouter" name="com.trello.qa.testcases.LoginPageTest" tests="3" failures="0" timestamp="2022-06-23T14:05:40 IST" time="27.762" errors="0">
  <testcase name="trelloLogoImageTest" time="4.843" classname="com.trello.qa.testcases.LoginPageTest"/>
  <system-out/>
  <testcase name="loginTest" time="19.404" classname="com.trello.qa.testcases.LoginPageTest"/>
  <system-out/>
  <testcase name="loginPageTitleTest" time="3.515" classname="com.trello.qa.testcases.LoginPageTest"/>
  <system-out/>
</testsuite> <!-- com.trello.qa.testcases.LoginPageTest -->
